2025-05-29 02:54:51,044 - INFO - Инициализация Pygame завершена
2025-05-29 02:54:51,093 - INFO - Редактор успешно создан и готов к работе
2025-05-29 02:54:56,371 - INFO - Найдено файлов: 12
2025-05-29 02:55:34,822 - INFO - Размер холста изменен: 60x60
2025-05-29 02:55:57,770 - INFO - Найдено файлов: 12
2025-05-29 02:57:22,232 - INFO - Найдено файлов: 14
2025-05-29 02:57:57,383 - INFO - Завершение работы редактора...
2025-05-29 02:57:57,534 - INFO - Выполняется выход из программы...
2025-05-29 03:00:25,159 - INFO - Инициализация Pygame завершена
2025-05-29 03:00:25,208 - INFO - Редактор успешно создан и готов к работе
2025-05-29 03:00:27,936 - INFO - Найдено файлов: 14
2025-05-29 03:00:49,375 - INFO - Файлы не найдены
2025-05-29 03:00:56,947 - INFO - Файлы не найдены
2025-05-29 03:01:04,084 - INFO - Найдено файлов: 2
2025-05-29 03:01:15,590 - INFO - Завершение работы редактора...
2025-05-29 03:01:15,742 - INFO - Выполняется выход из программы...
2025-05-29 03:06:45,426 - INFO - Инициализация Pygame завершена
2025-05-29 03:06:45,471 - INFO - Редактор успешно создан и готов к работе
2025-05-29 03:07:07,779 - INFO - Размер холста изменен: 7x7
2025-05-29 03:07:09,872 - INFO - Найдено файлов: 2
2025-05-29 03:07:11,695 - INFO - Загрузка файла: c:\VSCode\ArtPixel Versions\ArtPixel 2.6.4 Stable\saves\точки.json
2025-05-29 03:07:11,705 - INFO - JSON файл успешно загружен: c:\VSCode\ArtPixel Versions\ArtPixel 2.6.4 Stable\saves\точки.json
2025-05-29 03:07:11,705 - INFO - JSON файл загружен успешно: c:\VSCode\ArtPixel Versions\ArtPixel 2.6.4 Stable\saves\точки.json
2025-05-29 03:07:11,706 - INFO - Файл успешно загружен, размер: 32x32
2025-05-29 03:07:18,005 - INFO - Размер холста изменен: 70x70
2025-05-29 03:07:42,132 - INFO - Завершение работы редактора...
2025-05-29 03:07:42,282 - INFO - Выполняется выход из программы...
2025-05-29 03:07:53,333 - INFO - Инициализация Pygame завершена
2025-05-29 03:07:53,376 - INFO - Редактор успешно создан и готов к работе
2025-05-29 03:08:03,289 - INFO - Найдено файлов: 2
2025-05-29 03:08:17,933 - INFO - Завершение работы редактора...
2025-05-29 03:08:18,084 - INFO - Выполняется выход из программы...
2025-05-29 03:08:51,102 - INFO - JSON файл успешно загружен: C:\VSCode\ArtPixel Versions\ArtPixel 2.6.4 Stable\tests\test_files\test_artwork.json
2025-05-29 03:10:43,337 - INFO - JSON файл успешно загружен: C:\VSCode\ArtPixel Versions\ArtPixel 2.6.4 Stable\tests\test_files\test_artwork.json
2025-05-29 03:10:43,357 - INFO - JSON файл успешно загружен: C:\VSCode\ArtPixel Versions\ArtPixel 2.6.4 Stable\tests\test_files\test_artwork.json
2025-05-29 03:10:43,366 - ERROR - Ошибка декодирования JSON: Expecting value: line 1 column 1 (char 0)
2025-05-29 03:10:43,394 - INFO - JSON файл успешно загружен: C:\VSCode\ArtPixel Versions\ArtPixel 2.6.4 Stable\tests\test_files\test_artwork.json
2025-05-29 03:11:39,976 - INFO - JSON файл успешно загружен: C:\VSCode\ArtPixel Versions\ArtPixel 2.6.4 Stable\tests\test_files\test_artwork.json
2025-05-29 03:11:39,996 - INFO - JSON файл успешно загружен: C:\VSCode\ArtPixel Versions\ArtPixel 2.6.4 Stable\tests\test_files\test_artwork.json
2025-05-29 03:11:39,999 - ERROR - Ошибка декодирования JSON: Expecting value: line 1 column 1 (char 0)
2025-05-29 03:11:40,025 - INFO - JSON файл успешно загружен: C:\VSCode\ArtPixel Versions\ArtPixel 2.6.4 Stable\tests\test_files\test_artwork.json
